-------------------------------------------------------------------------------
Test set: com.fluffy.backend.service.CsvSupplierServiceTest
-------------------------------------------------------------------------------
Tests run: 1, Failures: 0, Errors: 1, Skipped: 0, Time elapsed: 2.909 s <<< FAILURE! - in com.fluffy.backend.service.CsvSupplierServiceTest
testProcessCsvData  Time elapsed: 0.001 s  <<< ERROR!
java.lang.IllegalStateException: Failed to load ApplicationContext
Caused by: org.springframework.beans.factory.BeanCreationException: Error creating bean with name 'liquibase' defined in class path resource [org/springframework/boot/autoconfigure/liquibase/LiquibaseAutoConfiguration$LiquibaseConfiguration.class]: Invocation of init method failed; nested exception is liquibase.exception.DatabaseException: java.sql.SQLException: Não é possível iniciar o Universal Connection Pool: oracle.ucp.UniversalConnectionPoolException: Erro durante a criação de pool no MBean do Gerenciador do Universal Connection Pool: oracle.ucp.UniversalConnectionPoolException: Erro durante a criação de pool no Gerenciador do Universal Connection Pool: java.sql.SQLException: Configuração inválida do Universal Connection Pool: oracle.ucp.UniversalConnectionPoolException: O Universal Connection Pool já existe no Gerenciador do Universal Connection Pool. O Universal Connection Pool não pode ser adicionado ao Gerenciador do Universal Connection Pool
Caused by: liquibase.exception.DatabaseException: java.sql.SQLException: Não é possível iniciar o Universal Connection Pool: oracle.ucp.UniversalConnectionPoolException: Erro durante a criação de pool no MBean do Gerenciador do Universal Connection Pool: oracle.ucp.UniversalConnectionPoolException: Erro durante a criação de pool no Gerenciador do Universal Connection Pool: java.sql.SQLException: Configuração inválida do Universal Connection Pool: oracle.ucp.UniversalConnectionPoolException: O Universal Connection Pool já existe no Gerenciador do Universal Connection Pool. O Universal Connection Pool não pode ser adicionado ao Gerenciador do Universal Connection Pool
Caused by: java.sql.SQLException: Não é possível iniciar o Universal Connection Pool: oracle.ucp.UniversalConnectionPoolException: Erro durante a criação de pool no MBean do Gerenciador do Universal Connection Pool: oracle.ucp.UniversalConnectionPoolException: Erro durante a criação de pool no Gerenciador do Universal Connection Pool: java.sql.SQLException: Configuração inválida do Universal Connection Pool: oracle.ucp.UniversalConnectionPoolException: O Universal Connection Pool já existe no Gerenciador do Universal Connection Pool. O Universal Connection Pool não pode ser adicionado ao Gerenciador do Universal Connection Pool
Caused by: oracle.ucp.UniversalConnectionPoolException: Erro durante a criação de pool no MBean do Gerenciador do Universal Connection Pool: oracle.ucp.UniversalConnectionPoolException: Erro durante a criação de pool no Gerenciador do Universal Connection Pool: java.sql.SQLException: Configuração inválida do Universal Connection Pool: oracle.ucp.UniversalConnectionPoolException: O Universal Connection Pool já existe no Gerenciador do Universal Connection Pool. O Universal Connection Pool não pode ser adicionado ao Gerenciador do Universal Connection Pool
Caused by: oracle.ucp.UniversalConnectionPoolException: Erro durante a criação de pool no Gerenciador do Universal Connection Pool: java.sql.SQLException: Configuração inválida do Universal Connection Pool: oracle.ucp.UniversalConnectionPoolException: O Universal Connection Pool já existe no Gerenciador do Universal Connection Pool. O Universal Connection Pool não pode ser adicionado ao Gerenciador do Universal Connection Pool
Caused by: java.sql.SQLException: Configuração inválida do Universal Connection Pool: oracle.ucp.UniversalConnectionPoolException: O Universal Connection Pool já existe no Gerenciador do Universal Connection Pool. O Universal Connection Pool não pode ser adicionado ao Gerenciador do Universal Connection Pool
Caused by: oracle.ucp.UniversalConnectionPoolException: O Universal Connection Pool já existe no Gerenciador do Universal Connection Pool. O Universal Connection Pool não pode ser adicionado ao Gerenciador do Universal Connection Pool

