<?xml version="1.0" encoding="UTF-8"?>
<testsuite xmlns:xsi="http://www.w3.org/2001/XMLSchema-instance" xsi:noNamespaceSchemaLocation="https://maven.apache.org/surefire/maven-surefire-plugin/xsd/surefire-test-report.xsd" name="com.fluffy.backend.service.CsvSupplierServiceTest" time="2.909" tests="1" errors="1" skipped="0" failures="0">
  <properties>
[...]
</properties>
  <testcase name="testProcessCsvData" classname="com.fluffy.backend.service.CsvSupplierServiceTest" time="0.001">
    <error message="Failed to load ApplicationContext" type="java.lang.IllegalStateException">java.lang.IllegalStateException: Failed to load ApplicationContext
Caused by: org.springframework.beans.factory.BeanCreationException: Error creating bean with name 'liquibase' defined in class path resource [org/springframework/boot/autoconfigure/liquibase/LiquibaseAutoConfiguration$LiquibaseConfiguration.class]: Invocation of init method failed; nested exception is liquibase.exception.DatabaseException: java.sql.SQLException: Não é possível iniciar o Universal Connection Pool: oracle.ucp.UniversalConnectionPoolException: Erro durante a criação de pool no MBean do Gerenciador do Universal Connection Pool: oracle.ucp.UniversalConnectionPoolException: Erro durante a criação de pool no Gerenciador do Universal Connection Pool: java.sql.SQLException: Configuração inválida do Universal Connection Pool: oracle.ucp.UniversalConnectionPoolException: O Universal Connection Pool já existe no Gerenciador do Universal Connection Pool. O Universal Connection Pool não pode ser adicionado ao Gerenciador do Universal Connection Pool
Caused by: liquibase.exception.DatabaseException: java.sql.SQLException: Não é possível iniciar o Universal Connection Pool: oracle.ucp.UniversalConnectionPoolException: Erro durante a criação de pool no MBean do Gerenciador do Universal Connection Pool: oracle.ucp.UniversalConnectionPoolException: Erro durante a criação de pool no Gerenciador do Universal Connection Pool: java.sql.SQLException: Configuração inválida do Universal Connection Pool: oracle.ucp.UniversalConnectionPoolException: O Universal Connection Pool já existe no Gerenciador do Universal Connection Pool. O Universal Connection Pool não pode ser adicionado ao Gerenciador do Universal Connection Pool
Caused by: java.sql.SQLException: Não é possível iniciar o Universal Connection Pool: oracle.ucp.UniversalConnectionPoolException: Erro durante a criação de pool no MBean do Gerenciador do Universal Connection Pool: oracle.ucp.UniversalConnectionPoolException: Erro durante a criação de pool no Gerenciador do Universal Connection Pool: java.sql.SQLException: Configuração inválida do Universal Connection Pool: oracle.ucp.UniversalConnectionPoolException: O Universal Connection Pool já existe no Gerenciador do Universal Connection Pool. O Universal Connection Pool não pode ser adicionado ao Gerenciador do Universal Connection Pool
Caused by: oracle.ucp.UniversalConnectionPoolException: Erro durante a criação de pool no MBean do Gerenciador do Universal Connection Pool: oracle.ucp.UniversalConnectionPoolException: Erro durante a criação de pool no Gerenciador do Universal Connection Pool: java.sql.SQLException: Configuração inválida do Universal Connection Pool: oracle.ucp.UniversalConnectionPoolException: O Universal Connection Pool já existe no Gerenciador do Universal Connection Pool. O Universal Connection Pool não pode ser adicionado ao Gerenciador do Universal Connection Pool
Caused by: oracle.ucp.UniversalConnectionPoolException: Erro durante a criação de pool no Gerenciador do Universal Connection Pool: java.sql.SQLException: Configuração inválida do Universal Connection Pool: oracle.ucp.UniversalConnectionPoolException: O Universal Connection Pool já existe no Gerenciador do Universal Connection Pool. O Universal Connection Pool não pode ser adicionado ao Gerenciador do Universal Connection Pool
Caused by: java.sql.SQLException: Configuração inválida do Universal Connection Pool: oracle.ucp.UniversalConnectionPoolException: O Universal Connection Pool já existe no Gerenciador do Universal Connection Pool. O Universal Connection Pool não pode ser adicionado ao Gerenciador do Universal Connection Pool
Caused by: oracle.ucp.UniversalConnectionPoolException: O Universal Connection Pool já existe no Gerenciador do Universal Connection Pool. O Universal Connection Pool não pode ser adicionado ao Gerenciador do Universal Connection Pool
</error>
    <system-out><![CDATA[2023-10-15 14:24:32.104  INFO 16372 --- [           main] .b.t.c.SpringBootTestContextBootstrapper : Neither @ContextConfiguration nor @ContextHierarchy found for test class [com.fluffy.backend.service.CsvSupplierServiceTest], using SpringBootContextLoader
2023-10-15 14:24:32.107  INFO 16372 --- [           main] o.s.t.c.support.AbstractContextLoader    : Could not detect default resource locations for test class [com.fluffy.backend.service.CsvSupplierServiceTest]: no resource found for suffixes {-context.xml, Context.groovy}.
2023-10-15 14:24:32.107  INFO 16372 --- [           main] t.c.s.AnnotationConfigContextLoaderUtils : Could not detect default configuration classes for test class [com.fluffy.backend.service.CsvSupplierServiceTest]: CsvSupplierServiceTest does not declare any static, non-private, non-final, nested classes annotated with @Configuration.
2023-10-15 14:24:32.153  INFO 16372 --- [           main] .b.t.c.SpringBootTestContextBootstrapper : Found @SpringBootConfiguration com.fluffy.backend.BackendApplication for test class com.fluffy.backend.service.CsvSupplierServiceTest
2023-10-15 14:24:32.161  INFO 16372 --- [           main] .b.t.c.SpringBootTestContextBootstrapper : Loaded default TestExecutionListener class names from location [META-INF/spring.factories]: [org.springframework.boot.test.mock.mockito.MockitoTestExecutionListener, org.springframework.boot.test.mock.mockito.ResetMocksTestExecutionListener, org.springframework.boot.test.autoconfigure.restdocs.RestDocsTestExecutionListener, org.springframework.boot.test.autoconfigure.web.client.MockRestServiceServerResetTestExecutionListener, org.springframework.boot.test.autoconfigure.web.servlet.MockMvcPrintOnlyOnFailureTestExecutionListener, org.springframework.boot.test.autoconfigure.web.servlet.WebDriverTestExecutionListener, org.springframework.boot.test.autoconfigure.webservices.client.MockWebServiceServerTestExecutionListener, org.springframework.test.context.web.ServletTestExecutionListener, org.springframework.test.context.support.DirtiesContextBeforeModesTestExecutionListener, org.springframework.test.context.event.ApplicationEventsTestExecutionListener, org.springframework.test.context.support.DependencyInjectionTestExecutionListener, org.springframework.test.context.support.DirtiesContextTestExecutionListener, org.springframework.test.context.transaction.TransactionalTestExecutionListener, org.springframework.test.context.jdbc.SqlScriptsTestExecutionListener, org.springframework.test.context.event.EventPublishingTestExecutionListener]
2023-10-15 14:24:32.162  INFO 16372 --- [           main] .b.t.c.SpringBootTestContextBootstrapper : Using TestExecutionListeners: [org.springframework.test.context.web.ServletTestExecutionListener@4e453285, org.springframework.test.context.support.DirtiesContextBeforeModesTestExecutionListener@5b407420, org.springframework.test.context.event.ApplicationEventsTestExecutionListener@3e929c9c, org.springframework.boot.test.mock.mockito.MockitoTestExecutionListener@1f99c13, org.springframework.boot.test.autoconfigure.SpringBootDependencyInjectionTestExecutionListener@664f57b3, org.springframework.test.context.support.DirtiesContextTestExecutionListener@3ef6ce2e, org.springframework.test.context.transaction.TransactionalTestExecutionListener@14aac310, org.springframework.test.context.jdbc.SqlScriptsTestExecutionListener@597edc92, org.springframework.test.context.event.EventPublishingTestExecutionListener@4590fac1, org.springframework.boot.test.mock.mockito.ResetMocksTestExecutionListener@4d9fdbe3, org.springframework.boot.test.autoconfigure.restdocs.RestDocsTestExecutionListener@f6f2303, org.springframework.boot.test.autoconfigure.web.client.MockRestServiceServerResetTestExecutionListener@20daf430, org.springframework.boot.test.autoconfigure.web.servlet.MockMvcPrintOnlyOnFailureTestExecutionListener@62de4418, org.springframework.boot.test.autoconfigure.web.servlet.WebDriverTestExecutionListener@512dcb63, org.springframework.boot.test.autoconfigure.webservices.client.MockWebServiceServerTestExecutionListener@272c9d7e]

  .   ____          _            __ _ _
 /\\ / ___'_ __ _ _(_)_ __  __ _ \ \ \ \
( ( )\___ | '_ | '_| | '_ \/ _` | \ \ \ \
 \\/  ___)| |_)| | | | | || (_| |  ) ) ) )
  '  |____| .__|_| |_|_| |_\__, | / / / /
 =========|_|==============|___/=/_/_/_/
 :: Spring Boot ::               (v2.7.14)

2023-10-15 14:24:32.368  INFO 16372 --- [           main] c.f.b.service.CsvSupplierServiceTest     : Starting CsvSupplierServiceTest using Java 17.0.6 on DESKTOP-JFFVJV8 with PID 16372 (started by Victor in C:\Users\Victor\Documents\GitHub\Projeto-Integrador-Oracle-Backend\backend)
2023-10-15 14:24:32.370  INFO 16372 --- [           main] c.f.b.service.CsvSupplierServiceTest     : No active profile set, falling back to 1 default profile: "default"
2023-10-15 14:24:33.837  INFO 16372 --- [           main] .s.d.r.c.RepositoryConfigurationDelegate : Bootstrapping Spring Data JPA repositories in DEFAULT mode.
2023-10-15 14:24:34.006  INFO 16372 --- [           main] .s.d.r.c.RepositoryConfigurationDelegate : Finished Spring Data repository scanning in 166 ms. Found 9 JPA repository interfaces.
2023-10-15 14:24:34.873  WARN 16372 --- [           main] o.s.w.c.s.GenericWebApplicationContext   : Exception encountered during context initialization - cancelling refresh attempt: org.springframework.beans.factory.BeanCreationException: Error creating bean with name 'liquibase' defined in class path resource [org/springframework/boot/autoconfigure/liquibase/LiquibaseAutoConfiguration$LiquibaseConfiguration.class]: Invocation of init method failed; nested exception is liquibase.exception.DatabaseException: java.sql.SQLException: Não é possível iniciar o Universal Connection Pool: oracle.ucp.UniversalConnectionPoolException: Erro durante a criação de pool no MBean do Gerenciador do Universal Connection Pool: oracle.ucp.UniversalConnectionPoolException: Erro durante a criação de pool no Gerenciador do Universal Connection Pool: java.sql.SQLException: Configuração inválida do Universal Connection Pool: oracle.ucp.UniversalConnectionPoolException: O Universal Connection Pool já existe no Gerenciador do Universal Connection Pool. O Universal Connection Pool não pode ser adicionado ao Gerenciador do Universal Connection Pool
2023-10-15 14:24:34.883  INFO 16372 --- [           main] ConditionEvaluationReportLoggingListener : 

Error starting ApplicationContext. To display the conditions report re-run your application with 'debug' enabled.
2023-10-15 14:24:34.894 ERROR 16372 --- [           main] o.s.boot.SpringApplication               : Application run failed

org.springframework.beans.factory.BeanCreationException: Error creating bean with name 'liquibase' defined in class path resource [org/springframework/boot/autoconfigure/liquibase/LiquibaseAutoConfiguration$LiquibaseConfiguration.class]: Invocation of init method failed; nested exception is liquibase.exception.DatabaseException: java.sql.SQLException: Não é possível iniciar o Universal Connection Pool: oracle.ucp.UniversalConnectionPoolException: Erro durante a criação de pool no MBean do Gerenciador do Universal Connection Pool: oracle.ucp.UniversalConnectionPoolException: Erro durante a criação de pool no Gerenciador do Universal Connection Pool: java.sql.SQLException: Configuração inválida do Universal Connection Pool: oracle.ucp.UniversalConnectionPoolException: O Universal Connection Pool já existe no Gerenciador do Universal Connection Pool. O Universal Connection Pool não pode ser adicionado ao Gerenciador do Universal Connection Pool
	at org.springframework.beans.factory.support.AbstractAutowireCapableBeanFactory.initializeBean(AbstractAutowireCapableBeanFactory.java:1804) ~[spring-beans-5.3.29.jar:5.3.29]
	at org.springframework.beans.factory.support.AbstractAutowireCapableBeanFactory.doCreateBean(AbstractAutowireCapableBeanFactory.java:620) ~[spring-beans-5.3.29.jar:5.3.29]
	at org.springframework.beans.factory.support.AbstractAutowireCapableBeanFactory.createBean(AbstractAutowireCapableBeanFactory.java:542) ~[spring-beans-5.3.29.jar:5.3.29]
	at org.springframework.beans.factory.support.AbstractBeanFactory.lambda$doGetBean$0(AbstractBeanFactory.java:335) ~[spring-beans-5.3.29.jar:5.3.29]
	at org.springframework.beans.factory.support.DefaultSingletonBeanRegistry.getSingleton(DefaultSingletonBeanRegistry.java:234) ~[spring-beans-5.3.29.jar:5.3.29]
	at org.springframework.beans.factory.support.AbstractBeanFactory.doGetBean(AbstractBeanFactory.java:333) ~[spring-beans-5.3.29.jar:5.3.29]
	at org.springframework.beans.factory.support.AbstractBeanFactory.getBean(AbstractBeanFactory.java:208) ~[spring-beans-5.3.29.jar:5.3.29]
	at org.springframework.beans.factory.support.AbstractBeanFactory.doGetBean(AbstractBeanFactory.java:322) ~[spring-beans-5.3.29.jar:5.3.29]
	at org.springframework.beans.factory.support.AbstractBeanFactory.getBean(AbstractBeanFactory.java:208) ~[spring-beans-5.3.29.jar:5.3.29]
	at org.springframework.context.support.AbstractApplicationContext.getBean(AbstractApplicationContext.java:1157) ~[spring-context-5.3.29.jar:5.3.29]
	at org.springframework.context.support.AbstractApplicationContext.finishBeanFactoryInitialization(AbstractApplicationContext.java:911) ~[spring-context-5.3.29.jar:5.3.29]
	at org.springframework.context.support.AbstractApplicationContext.refresh(AbstractApplicationContext.java:583) ~[spring-context-5.3.29.jar:5.3.29]
	at org.springframework.boot.SpringApplication.refresh(SpringApplication.java:731) ~[spring-boot-2.7.14.jar:2.7.14]
	at org.springframework.boot.SpringApplication.refreshContext(SpringApplication.java:408) ~[spring-boot-2.7.14.jar:2.7.14]
	at org.springframework.boot.SpringApplication.run(SpringApplication.java:307) ~[spring-boot-2.7.14.jar:2.7.14]
	at org.springframework.boot.test.context.SpringBootContextLoader.loadContext(SpringBootContextLoader.java:136) ~[spring-boot-test-2.7.14.jar:2.7.14]
	at org.springframework.test.context.cache.DefaultCacheAwareContextLoaderDelegate.loadContextInternal(DefaultCacheAwareContextLoaderDelegate.java:141) ~[spring-test-5.3.29.jar:5.3.29]
	at org.springframework.test.context.cache.DefaultCacheAwareContextLoaderDelegate.loadContext(DefaultCacheAwareContextLoaderDelegate.java:90) ~[spring-test-5.3.29.jar:5.3.29]
	at org.springframework.test.context.support.DefaultTestContext.getApplicationContext(DefaultTestContext.java:124) ~[spring-test-5.3.29.jar:5.3.29]
	at org.springframework.test.context.web.ServletTestExecutionListener.setUpRequestContextIfNecessary(ServletTestExecutionListener.java:190) ~[spring-test-5.3.29.jar:5.3.29]
	at org.springframework.test.context.web.ServletTestExecutionListener.prepareTestInstance(ServletTestExecutionListener.java:132) ~[spring-test-5.3.29.jar:5.3.29]
	at org.springframework.test.context.TestContextManager.prepareTestInstance(TestContextManager.java:248) ~[spring-test-5.3.29.jar:5.3.29]
	at org.springframework.test.context.junit.jupiter.SpringExtension.postProcessTestInstance(SpringExtension.java:138) ~[spring-test-5.3.29.jar:5.3.29]
	at org.junit.jupiter.engine.descriptor.ClassBasedTestDescriptor.lambda$invokeTestInstancePostProcessors$8(ClassBasedTestDescriptor.java:363) ~[junit-jupiter-engine-5.8.2.jar:5.8.2]
	at org.junit.jupiter.engine.descriptor.ClassBasedTestDescriptor.executeAndMaskThrowable(ClassBasedTestDescriptor.java:368) ~[junit-jupiter-engine-5.8.2.jar:5.8.2]
	at org.junit.jupiter.engine.descriptor.ClassBasedTestDescriptor.lambda$invokeTestInstancePostProcessors$9(ClassBasedTestDescriptor.java:363) ~[junit-jupiter-engine-5.8.2.jar:5.8.2]
	at java.base/java.util.stream.ReferencePipeline$3$1.accept(ReferencePipeline.java:197) ~[na:na]
	at java.base/java.util.stream.ReferencePipeline$2$1.accept(ReferencePipeline.java:179) ~[na:na]
	at java.base/java.util.ArrayList$ArrayListSpliterator.forEachRemaining(ArrayList.java:1625) ~[na:na]
	at java.base/java.util.stream.AbstractPipeline.copyInto(AbstractPipeline.java:509) ~[na:na]
	at java.base/java.util.stream.AbstractPipeline.wrapAndCopyInto(AbstractPipeline.java:499) ~[na:na]
	at java.base/java.util.stream.StreamSpliterators$WrappingSpliterator.forEachRemaining(StreamSpliterators.java:310) ~[na:na]
	at java.base/java.util.stream.Streams$ConcatSpliterator.forEachRemaining(Streams.java:735) ~[na:na]
	at java.base/java.util.stream.Streams$ConcatSpliterator.forEachRemaining(Streams.java:734) ~[na:na]
	at java.base/java.util.stream.ReferencePipeline$Head.forEach(ReferencePipeline.java:762) ~[na:na]
	at org.junit.jupiter.engine.descriptor.ClassBasedTestDescriptor.invokeTestInstancePostProcessors(ClassBasedTestDescriptor.java:362) ~[junit-jupiter-engine-5.8.2.jar:5.8.2]
	at org.junit.jupiter.engine.descriptor.ClassBasedTestDescriptor.lambda$instantiateAndPostProcessTestInstance$6(ClassBasedTestDescriptor.java:283) ~[junit-jupiter-engine-5.8.2.jar:5.8.2]
	at org.junit.platform.engine.support.hierarchical.ThrowableCollector.execute(ThrowableCollector.java:73) ~[junit-platform-engine-1.8.2.jar:1.8.2]
	at org.junit.jupiter.engine.descriptor.ClassBasedTestDescriptor.instantiateAndPostProcessTestInstance(ClassBasedTestDescriptor.java:282) ~[junit-jupiter-engine-5.8.2.jar:5.8.2]
	at org.junit.jupiter.engine.descriptor.ClassBasedTestDescriptor.lambda$testInstancesProvider$4(ClassBasedTestDescriptor.java:272) ~[junit-jupiter-engine-5.8.2.jar:5.8.2]
	at java.base/java.util.Optional.orElseGet(Optional.java:364) ~[na:na]
	at org.junit.jupiter.engine.descriptor.ClassBasedTestDescriptor.lambda$testInstancesProvider$5(ClassBasedTestDescriptor.java:271) ~[junit-jupiter-engine-5.8.2.jar:5.8.2]
	at org.junit.jupiter.engine.execution.TestInstancesProvider.getTestInstances(TestInstancesProvider.java:31) ~[junit-jupiter-engine-5.8.2.jar:5.8.2]
	at org.junit.jupiter.engine.descriptor.TestMethodTestDescriptor.lambda$prepare$0(TestMethodTestDescriptor.java:102) ~[junit-jupiter-engine-5.8.2.jar:5.8.2]
	at org.junit.platform.engine.support.hierarchical.ThrowableCollector.execute(ThrowableCollector.java:73) ~[junit-platform-engine-1.8.2.jar:1.8.2]
	at org.junit.jupiter.engine.descriptor.TestMethodTestDescriptor.prepare(TestMethodTestDescriptor.java:101) ~[junit-jupiter-engine-5.8.2.jar:5.8.2]
	at org.junit.jupiter.engine.descriptor.TestMethodTestDescriptor.prepare(TestMethodTestDescriptor.java:66) ~[junit-jupiter-engine-5.8.2.jar:5.8.2]
	at org.junit.platform.engine.support.hierarchical.NodeTestTask.lambda$prepare$2(NodeTestTask.java:123) ~[junit-platform-engine-1.8.2.jar:1.8.2]
	at org.junit.platform.engine.support.hierarchical.ThrowableCollector.execute(ThrowableCollector.java:73) ~[junit-platform-engine-1.8.2.jar:1.8.2]
	at org.junit.platform.engine.support.hierarchical.NodeTestTask.prepare(NodeTestTask.java:123) ~[junit-platform-engine-1.8.2.jar:1.8.2]
	at org.junit.platform.engine.support.hierarchical.NodeTestTask.execute(NodeTestTask.java:90) ~[junit-platform-engine-1.8.2.jar:1.8.2]
	at java.base/java.util.ArrayList.forEach(ArrayList.java:1511) ~[na:na]
	at org.junit.platform.engine.support.hierarchical.SameThreadHierarchicalTestExecutorService.invokeAll(SameThreadHierarchicalTestExecutorService.java:41) ~[junit-platform-engine-1.8.2.jar:1.8.2]
	at org.junit.platform.engine.support.hierarchical.NodeTestTask.lambda$executeRecursively$6(NodeTestTask.java:155) ~[junit-platform-engine-1.8.2.jar:1.8.2]
	at org.junit.platform.engine.support.hierarchical.ThrowableCollector.execute(ThrowableCollector.java:73) ~[junit-platform-engine-1.8.2.jar:1.8.2]
	at org.junit.platform.engine.support.hierarchical.NodeTestTask.lambda$executeRecursively$8(NodeTestTask.java:141) ~[junit-platform-engine-1.8.2.jar:1.8.2]
	at org.junit.platform.engine.support.hierarchical.Node.around(Node.java:137) ~[junit-platform-engine-1.8.2.jar:1.8.2]
	at org.junit.platform.engine.support.hierarchical.NodeTestTask.lambda$executeRecursively$9(NodeTestTask.java:139) ~[junit-platform-engine-1.8.2.jar:1.8.2]
	at org.junit.platform.engine.support.hierarchical.ThrowableCollector.execute(ThrowableCollector.java:73) ~[junit-platform-engine-1.8.2.jar:1.8.2]
	at org.junit.platform.engine.support.hierarchical.NodeTestTask.executeRecursively(NodeTestTask.java:138) ~[junit-platform-engine-1.8.2.jar:1.8.2]
	at org.junit.platform.engine.support.hierarchical.NodeTestTask.execute(NodeTestTask.java:95) ~[junit-platform-engine-1.8.2.jar:1.8.2]
	at java.base/java.util.ArrayList.forEach(ArrayList.java:1511) ~[na:na]
	at org.junit.platform.engine.support.hierarchical.SameThreadHierarchicalTestExecutorService.invokeAll(SameThreadHierarchicalTestExecutorService.java:41) ~[junit-platform-engine-1.8.2.jar:1.8.2]
	at org.junit.platform.engine.support.hierarchical.NodeTestTask.lambda$executeRecursively$6(NodeTestTask.java:155) ~[junit-platform-engine-1.8.2.jar:1.8.2]
	at org.junit.platform.engine.support.hierarchical.ThrowableCollector.execute(ThrowableCollector.java:73) ~[junit-platform-engine-1.8.2.jar:1.8.2]
	at org.junit.platform.engine.support.hierarchical.NodeTestTask.lambda$executeRecursively$8(NodeTestTask.java:141) ~[junit-platform-engine-1.8.2.jar:1.8.2]
	at org.junit.platform.engine.support.hierarchical.Node.around(Node.java:137) ~[junit-platform-engine-1.8.2.jar:1.8.2]
	at org.junit.platform.engine.support.hierarchical.NodeTestTask.lambda$executeRecursively$9(NodeTestTask.java:139) ~[junit-platform-engine-1.8.2.jar:1.8.2]
	at org.junit.platform.engine.support.hierarchical.ThrowableCollector.execute(ThrowableCollector.java:73) ~[junit-platform-engine-1.8.2.jar:1.8.2]
	at org.junit.platform.engine.support.hierarchical.NodeTestTask.executeRecursively(NodeTestTask.java:138) ~[junit-platform-engine-1.8.2.jar:1.8.2]
	at org.junit.platform.engine.support.hierarchical.NodeTestTask.execute(NodeTestTask.java:95) ~[junit-platform-engine-1.8.2.jar:1.8.2]
	at org.junit.platform.engine.support.hierarchical.SameThreadHierarchicalTestExecutorService.submit(SameThreadHierarchicalTestExecutorService.java:35) ~[junit-platform-engine-1.8.2.jar:1.8.2]
	at org.junit.platform.engine.support.hierarchical.HierarchicalTestExecutor.execute(HierarchicalTestExecutor.java:57) ~[junit-platform-engine-1.8.2.jar:1.8.2]
	at org.junit.platform.engine.support.hierarchical.HierarchicalTestEngine.execute(HierarchicalTestEngine.java:54) ~[junit-platform-engine-1.8.2.jar:1.8.2]
	at org.junit.platform.launcher.core.DefaultLauncher.execute(DefaultLauncher.java:220) ~[junit-platform-launcher-1.3.1.jar:1.3.1]
	at org.junit.platform.launcher.core.DefaultLauncher.lambda$execute$6(DefaultLauncher.java:188) ~[junit-platform-launcher-1.3.1.jar:1.3.1]
	at org.junit.platform.launcher.core.DefaultLauncher.withInterceptedStreams(DefaultLauncher.java:202) ~[junit-platform-launcher-1.3.1.jar:1.3.1]
	at org.junit.platform.launcher.core.DefaultLauncher.execute(DefaultLauncher.java:181) ~[junit-platform-launcher-1.3.1.jar:1.3.1]
	at org.junit.platform.launcher.core.DefaultLauncher.execute(DefaultLauncher.java:128) ~[junit-platform-launcher-1.3.1.jar:1.3.1]
	at org.apache.maven.surefire.junitplatform.JUnitPlatformProvider.invokeAllTests(JUnitPlatformProvider.java:150) ~[surefire-junit-platform-2.22.2.jar:2.22.2]
	at org.apache.maven.surefire.junitplatform.JUnitPlatformProvider.invoke(JUnitPlatformProvider.java:124) ~[surefire-junit-platform-2.22.2.jar:2.22.2]
	at org.apache.maven.surefire.booter.ForkedBooter.invokeProviderInSameClassLoader(ForkedBooter.java:384) ~[surefire-booter-2.22.2.jar:2.22.2]
	at org.apache.maven.surefire.booter.ForkedBooter.runSuitesInProcess(ForkedBooter.java:345) ~[surefire-booter-2.22.2.jar:2.22.2]
	at org.apache.maven.surefire.booter.ForkedBooter.execute(ForkedBooter.java:126) ~[surefire-booter-2.22.2.jar:2.22.2]
	at org.apache.maven.surefire.booter.ForkedBooter.main(ForkedBooter.java:418) ~[surefire-booter-2.22.2.jar:2.22.2]
Caused by: liquibase.exception.DatabaseException: java.sql.SQLException: Não é possível iniciar o Universal Connection Pool: oracle.ucp.UniversalConnectionPoolException: Erro durante a criação de pool no MBean do Gerenciador do Universal Connection Pool: oracle.ucp.UniversalConnectionPoolException: Erro durante a criação de pool no Gerenciador do Universal Connection Pool: java.sql.SQLException: Configuração inválida do Universal Connection Pool: oracle.ucp.UniversalConnectionPoolException: O Universal Connection Pool já existe no Gerenciador do Universal Connection Pool. O Universal Connection Pool não pode ser adicionado ao Gerenciador do Universal Connection Pool
	at liquibase.integration.spring.SpringLiquibase.afterPropertiesSet(SpringLiquibase.java:271) ~[liquibase-core-4.12.0.jar:na]
	at org.springframework.beans.factory.support.AbstractAutowireCapableBeanFactory.invokeInitMethods(AbstractAutowireCapableBeanFactory.java:1863) ~[spring-beans-5.3.29.jar:5.3.29]
	at org.springframework.beans.factory.support.AbstractAutowireCapableBeanFactory.initializeBean(AbstractAutowireCapableBeanFactory.java:1800) ~[spring-beans-5.3.29.jar:5.3.29]
	... 84 common frames omitted
Caused by: java.sql.SQLException: Não é possível iniciar o Universal Connection Pool: oracle.ucp.UniversalConnectionPoolException: Erro durante a criação de pool no MBean do Gerenciador do Universal Connection Pool: oracle.ucp.UniversalConnectionPoolException: Erro durante a criação de pool no Gerenciador do Universal Connection Pool: java.sql.SQLException: Configuração inválida do Universal Connection Pool: oracle.ucp.UniversalConnectionPoolException: O Universal Connection Pool já existe no Gerenciador do Universal Connection Pool. O Universal Connection Pool não pode ser adicionado ao Gerenciador do Universal Connection Pool
	at oracle.ucp.util.UCPErrorHandler.newSQLException(UCPErrorHandler.java:499) ~[ucp11-21.5.0.0.jar:21.5.0.0.0]
	at oracle.ucp.util.UCPErrorHandler.throwSQLException(UCPErrorHandler.java:176) ~[ucp11-21.5.0.0.jar:21.5.0.0.0]
	at oracle.ucp.jdbc.PoolDataSourceImpl.startPool(PoolDataSourceImpl.java:822) ~[ucp11-21.5.0.0.jar:21.5.0.0.0]
	at oracle.ucp.jdbc.PoolDataSourceImpl.getConnection(PoolDataSourceImpl.java:1854) ~[ucp11-21.5.0.0.jar:21.5.0.0.0]
	at oracle.ucp.jdbc.PoolDataSourceImpl$3.build(PoolDataSourceImpl.java:4046) ~[ucp11-21.5.0.0.jar:21.5.0.0.0]
	at oracle.ucp.jdbc.PoolDataSourceImpl.getConnection(PoolDataSourceImpl.java:1821) ~[ucp11-21.5.0.0.jar:21.5.0.0.0]
	at oracle.ucp.jdbc.PoolDataSourceImpl.getConnection(PoolDataSourceImpl.java:1777) ~[ucp11-21.5.0.0.jar:21.5.0.0.0]
	at oracle.ucp.jdbc.PoolDataSourceImpl.getConnection(PoolDataSourceImpl.java:1763) ~[ucp11-21.5.0.0.jar:21.5.0.0.0]
	at liquibase.integration.spring.SpringLiquibase.afterPropertiesSet(SpringLiquibase.java:266) ~[liquibase-core-4.12.0.jar:na]
	... 86 common frames omitted
Caused by: oracle.ucp.UniversalConnectionPoolException: Erro durante a criação de pool no MBean do Gerenciador do Universal Connection Pool: oracle.ucp.UniversalConnectionPoolException: Erro durante a criação de pool no Gerenciador do Universal Connection Pool: java.sql.SQLException: Configuração inválida do Universal Connection Pool: oracle.ucp.UniversalConnectionPoolException: O Universal Connection Pool já existe no Gerenciador do Universal Connection Pool. O Universal Connection Pool não pode ser adicionado ao Gerenciador do Universal Connection Pool
	at oracle.ucp.util.UCPErrorHandler.newUniversalConnectionPoolException(UCPErrorHandler.java:379) ~[ucp11-21.5.0.0.jar:21.5.0.0.0]
	at oracle.ucp.util.UCPErrorHandler.throwUniversalConnectionPoolException(UCPErrorHandler.java:69) ~[ucp11-21.5.0.0.jar:21.5.0.0.0]
	at oracle.ucp.util.UCPErrorHandler.throwUniversalConnectionPoolException(UCPErrorHandler.java:92) ~[ucp11-21.5.0.0.jar:21.5.0.0.0]
	at oracle.ucp.admin.UniversalConnectionPoolManagerMBeanImpl.createConnectionPool(UniversalConnectionPoolManagerMBeanImpl.java:314) ~[ucp11-21.5.0.0.jar:21.5.0.0.0]
	at oracle.ucp.jdbc.PoolDataSourceImpl.createPool(PoolDataSourceImpl.java:1151) ~[ucp11-21.5.0.0.jar:21.5.0.0.0]
	at oracle.ucp.jdbc.PoolDataSourceImpl.startPool(PoolDataSourceImpl.java:808) ~[ucp11-21.5.0.0.jar:21.5.0.0.0]
	... 92 common frames omitted
Caused by: oracle.ucp.UniversalConnectionPoolException: Erro durante a criação de pool no Gerenciador do Universal Connection Pool: java.sql.SQLException: Configuração inválida do Universal Connection Pool: oracle.ucp.UniversalConnectionPoolException: O Universal Connection Pool já existe no Gerenciador do Universal Connection Pool. O Universal Connection Pool não pode ser adicionado ao Gerenciador do Universal Connection Pool
	at oracle.ucp.util.UCPErrorHandler.newUniversalConnectionPoolException(UCPErrorHandler.java:379) ~[ucp11-21.5.0.0.jar:21.5.0.0.0]
	at oracle.ucp.util.UCPErrorHandler.throwUniversalConnectionPoolException(UCPErrorHandler.java:69) ~[ucp11-21.5.0.0.jar:21.5.0.0.0]
	at oracle.ucp.util.UCPErrorHandler.throwUniversalConnectionPoolException(UCPErrorHandler.java:92) ~[ucp11-21.5.0.0.jar:21.5.0.0.0]
	at oracle.ucp.admin.UniversalConnectionPoolManagerBase.createConnectionPool(UniversalConnectionPoolManagerBase.java:830) ~[ucp11-21.5.0.0.jar:21.5.0.0.0]
	at oracle.ucp.admin.UniversalConnectionPoolManagerMBeanImpl.createConnectionPool(UniversalConnectionPoolManagerMBeanImpl.java:301) ~[ucp11-21.5.0.0.jar:21.5.0.0.0]
	... 94 common frames omitted
Caused by: java.sql.SQLException: Configuração inválida do Universal Connection Pool: oracle.ucp.UniversalConnectionPoolException: O Universal Connection Pool já existe no Gerenciador do Universal Connection Pool. O Universal Connection Pool não pode ser adicionado ao Gerenciador do Universal Connection Pool
	at oracle.ucp.util.UCPErrorHandler.newSQLException(UCPErrorHandler.java:499) ~[ucp11-21.5.0.0.jar:21.5.0.0.0]
	at oracle.ucp.util.UCPErrorHandler.throwSQLException(UCPErrorHandler.java:176) ~[ucp11-21.5.0.0.jar:21.5.0.0.0]
	at oracle.ucp.jdbc.PoolDataSourceImpl.createUniversalConnectionPool(PoolDataSourceImpl.java:1085) ~[ucp11-21.5.0.0.jar:21.5.0.0.0]
	at oracle.ucp.admin.UniversalConnectionPoolManagerBase.createConnectionPool(UniversalConnectionPoolManagerBase.java:822) ~[ucp11-21.5.0.0.jar:21.5.0.0.0]
	... 95 common frames omitted
Caused by: oracle.ucp.UniversalConnectionPoolException: O Universal Connection Pool já existe no Gerenciador do Universal Connection Pool. O Universal Connection Pool não pode ser adicionado ao Gerenciador do Universal Connection Pool
	at oracle.ucp.util.UCPErrorHandler.newUniversalConnectionPoolException(UCPErrorHandler.java:379) ~[ucp11-21.5.0.0.jar:21.5.0.0.0]
	at oracle.ucp.util.UCPErrorHandler.throwUniversalConnectionPoolException(UCPErrorHandler.java:69) ~[ucp11-21.5.0.0.jar:21.5.0.0.0]
	at oracle.ucp.util.UCPErrorHandler.throwUniversalConnectionPoolException(UCPErrorHandler.java:92) ~[ucp11-21.5.0.0.jar:21.5.0.0.0]
	at oracle.ucp.util.UCPErrorHandler.throwUniversalConnectionPoolException(UCPErrorHandler.java:150) ~[ucp11-21.5.0.0.jar:21.5.0.0.0]
	at oracle.ucp.jdbc.PoolDataSourceImpl.createUniversalConnectionPool(PoolDataSourceImpl.java:985) ~[ucp11-21.5.0.0.jar:21.5.0.0.0]
	... 96 common frames omitted

2023-10-15 14:24:34.916 ERROR 16372 --- [           main] o.s.test.context.TestContextManager      : Caught exception while allowing TestExecutionListener [org.springframework.test.context.web.ServletTestExecutionListener@4e453285] to prepare test instance [com.fluffy.backend.service.CsvSupplierServiceTest@626fc0fe]

java.lang.IllegalStateException: Failed to load ApplicationContext
	at org.springframework.test.context.cache.DefaultCacheAwareContextLoaderDelegate.loadContext(DefaultCacheAwareContextLoaderDelegate.java:98) ~[spring-test-5.3.29.jar:5.3.29]
	at org.springframework.test.context.support.DefaultTestContext.getApplicationContext(DefaultTestContext.java:124) ~[spring-test-5.3.29.jar:5.3.29]
	at org.springframework.test.context.web.ServletTestExecutionListener.setUpRequestContextIfNecessary(ServletTestExecutionListener.java:190) ~[spring-test-5.3.29.jar:5.3.29]
	at org.springframework.test.context.web.ServletTestExecutionListener.prepareTestInstance(ServletTestExecutionListener.java:132) ~[spring-test-5.3.29.jar:5.3.29]
	at org.springframework.test.context.TestContextManager.prepareTestInstance(TestContextManager.java:248) ~[spring-test-5.3.29.jar:5.3.29]
	at org.springframework.test.context.junit.jupiter.SpringExtension.postProcessTestInstance(SpringExtension.java:138) ~[spring-test-5.3.29.jar:5.3.29]
	at org.junit.jupiter.engine.descriptor.ClassBasedTestDescriptor.lambda$invokeTestInstancePostProcessors$8(ClassBasedTestDescriptor.java:363) ~[junit-jupiter-engine-5.8.2.jar:5.8.2]
	at org.junit.jupiter.engine.descriptor.ClassBasedTestDescriptor.executeAndMaskThrowable(ClassBasedTestDescriptor.java:368) ~[junit-jupiter-engine-5.8.2.jar:5.8.2]
	at org.junit.jupiter.engine.descriptor.ClassBasedTestDescriptor.lambda$invokeTestInstancePostProcessors$9(ClassBasedTestDescriptor.java:363) ~[junit-jupiter-engine-5.8.2.jar:5.8.2]
	at java.base/java.util.stream.ReferencePipeline$3$1.accept(ReferencePipeline.java:197) ~[na:na]
	at java.base/java.util.stream.ReferencePipeline$2$1.accept(ReferencePipeline.java:179) ~[na:na]
	at java.base/java.util.ArrayList$ArrayListSpliterator.forEachRemaining(ArrayList.java:1625) ~[na:na]
	at java.base/java.util.stream.AbstractPipeline.copyInto(AbstractPipeline.java:509) ~[na:na]
	at java.base/java.util.stream.AbstractPipeline.wrapAndCopyInto(AbstractPipeline.java:499) ~[na:na]
	at java.base/java.util.stream.StreamSpliterators$WrappingSpliterator.forEachRemaining(StreamSpliterators.java:310) ~[na:na]
	at java.base/java.util.stream.Streams$ConcatSpliterator.forEachRemaining(Streams.java:735) ~[na:na]
	at java.base/java.util.stream.Streams$ConcatSpliterator.forEachRemaining(Streams.java:734) ~[na:na]
	at java.base/java.util.stream.ReferencePipeline$Head.forEach(ReferencePipeline.java:762) ~[na:na]
	at org.junit.jupiter.engine.descriptor.ClassBasedTestDescriptor.invokeTestInstancePostProcessors(ClassBasedTestDescriptor.java:362) ~[junit-jupiter-engine-5.8.2.jar:5.8.2]
	at org.junit.jupiter.engine.descriptor.ClassBasedTestDescriptor.lambda$instantiateAndPostProcessTestInstance$6(ClassBasedTestDescriptor.java:283) ~[junit-jupiter-engine-5.8.2.jar:5.8.2]
	at org.junit.platform.engine.support.hierarchical.ThrowableCollector.execute(ThrowableCollector.java:73) ~[junit-platform-engine-1.8.2.jar:1.8.2]
	at org.junit.jupiter.engine.descriptor.ClassBasedTestDescriptor.instantiateAndPostProcessTestInstance(ClassBasedTestDescriptor.java:282) ~[junit-jupiter-engine-5.8.2.jar:5.8.2]
	at org.junit.jupiter.engine.descriptor.ClassBasedTestDescriptor.lambda$testInstancesProvider$4(ClassBasedTestDescriptor.java:272) ~[junit-jupiter-engine-5.8.2.jar:5.8.2]
	at java.base/java.util.Optional.orElseGet(Optional.java:364) ~[na:na]
	at org.junit.jupiter.engine.descriptor.ClassBasedTestDescriptor.lambda$testInstancesProvider$5(ClassBasedTestDescriptor.java:271) ~[junit-jupiter-engine-5.8.2.jar:5.8.2]
	at org.junit.jupiter.engine.execution.TestInstancesProvider.getTestInstances(TestInstancesProvider.java:31) ~[junit-jupiter-engine-5.8.2.jar:5.8.2]
	at org.junit.jupiter.engine.descriptor.TestMethodTestDescriptor.lambda$prepare$0(TestMethodTestDescriptor.java:102) ~[junit-jupiter-engine-5.8.2.jar:5.8.2]
	at org.junit.platform.engine.support.hierarchical.ThrowableCollector.execute(ThrowableCollector.java:73) ~[junit-platform-engine-1.8.2.jar:1.8.2]
	at org.junit.jupiter.engine.descriptor.TestMethodTestDescriptor.prepare(TestMethodTestDescriptor.java:101) ~[junit-jupiter-engine-5.8.2.jar:5.8.2]
	at org.junit.jupiter.engine.descriptor.TestMethodTestDescriptor.prepare(TestMethodTestDescriptor.java:66) ~[junit-jupiter-engine-5.8.2.jar:5.8.2]
	at org.junit.platform.engine.support.hierarchical.NodeTestTask.lambda$prepare$2(NodeTestTask.java:123) ~[junit-platform-engine-1.8.2.jar:1.8.2]
	at org.junit.platform.engine.support.hierarchical.ThrowableCollector.execute(ThrowableCollector.java:73) ~[junit-platform-engine-1.8.2.jar:1.8.2]
	at org.junit.platform.engine.support.hierarchical.NodeTestTask.prepare(NodeTestTask.java:123) ~[junit-platform-engine-1.8.2.jar:1.8.2]
	at org.junit.platform.engine.support.hierarchical.NodeTestTask.execute(NodeTestTask.java:90) ~[junit-platform-engine-1.8.2.jar:1.8.2]
	at java.base/java.util.ArrayList.forEach(ArrayList.java:1511) ~[na:na]
	at org.junit.platform.engine.support.hierarchical.SameThreadHierarchicalTestExecutorService.invokeAll(SameThreadHierarchicalTestExecutorService.java:41) ~[junit-platform-engine-1.8.2.jar:1.8.2]
	at org.junit.platform.engine.support.hierarchical.NodeTestTask.lambda$executeRecursively$6(NodeTestTask.java:155) ~[junit-platform-engine-1.8.2.jar:1.8.2]
	at org.junit.platform.engine.support.hierarchical.ThrowableCollector.execute(ThrowableCollector.java:73) ~[junit-platform-engine-1.8.2.jar:1.8.2]
	at org.junit.platform.engine.support.hierarchical.NodeTestTask.lambda$executeRecursively$8(NodeTestTask.java:141) ~[junit-platform-engine-1.8.2.jar:1.8.2]
	at org.junit.platform.engine.support.hierarchical.Node.around(Node.java:137) ~[junit-platform-engine-1.8.2.jar:1.8.2]
	at org.junit.platform.engine.support.hierarchical.NodeTestTask.lambda$executeRecursively$9(NodeTestTask.java:139) ~[junit-platform-engine-1.8.2.jar:1.8.2]
	at org.junit.platform.engine.support.hierarchical.ThrowableCollector.execute(ThrowableCollector.java:73) ~[junit-platform-engine-1.8.2.jar:1.8.2]
	at org.junit.platform.engine.support.hierarchical.NodeTestTask.executeRecursively(NodeTestTask.java:138) ~[junit-platform-engine-1.8.2.jar:1.8.2]
	at org.junit.platform.engine.support.hierarchical.NodeTestTask.execute(NodeTestTask.java:95) ~[junit-platform-engine-1.8.2.jar:1.8.2]
	at java.base/java.util.ArrayList.forEach(ArrayList.java:1511) ~[na:na]
	at org.junit.platform.engine.support.hierarchical.SameThreadHierarchicalTestExecutorService.invokeAll(SameThreadHierarchicalTestExecutorService.java:41) ~[junit-platform-engine-1.8.2.jar:1.8.2]
	at org.junit.platform.engine.support.hierarchical.NodeTestTask.lambda$executeRecursively$6(NodeTestTask.java:155) ~[junit-platform-engine-1.8.2.jar:1.8.2]
	at org.junit.platform.engine.support.hierarchical.ThrowableCollector.execute(ThrowableCollector.java:73) ~[junit-platform-engine-1.8.2.jar:1.8.2]
	at org.junit.platform.engine.support.hierarchical.NodeTestTask.lambda$executeRecursively$8(NodeTestTask.java:141) ~[junit-platform-engine-1.8.2.jar:1.8.2]
	at org.junit.platform.engine.support.hierarchical.Node.around(Node.java:137) ~[junit-platform-engine-1.8.2.jar:1.8.2]
	at org.junit.platform.engine.support.hierarchical.NodeTestTask.lambda$executeRecursively$9(NodeTestTask.java:139) ~[junit-platform-engine-1.8.2.jar:1.8.2]
	at org.junit.platform.engine.support.hierarchical.ThrowableCollector.execute(ThrowableCollector.java:73) ~[junit-platform-engine-1.8.2.jar:1.8.2]
	at org.junit.platform.engine.support.hierarchical.NodeTestTask.executeRecursively(NodeTestTask.java:138) ~[junit-platform-engine-1.8.2.jar:1.8.2]
	at org.junit.platform.engine.support.hierarchical.NodeTestTask.execute(NodeTestTask.java:95) ~[junit-platform-engine-1.8.2.jar:1.8.2]
	at org.junit.platform.engine.support.hierarchical.SameThreadHierarchicalTestExecutorService.submit(SameThreadHierarchicalTestExecutorService.java:35) ~[junit-platform-engine-1.8.2.jar:1.8.2]
	at org.junit.platform.engine.support.hierarchical.HierarchicalTestExecutor.execute(HierarchicalTestExecutor.java:57) ~[junit-platform-engine-1.8.2.jar:1.8.2]
	at org.junit.platform.engine.support.hierarchical.HierarchicalTestEngine.execute(HierarchicalTestEngine.java:54) ~[junit-platform-engine-1.8.2.jar:1.8.2]
	at org.junit.platform.launcher.core.DefaultLauncher.execute(DefaultLauncher.java:220) ~[junit-platform-launcher-1.3.1.jar:1.3.1]
	at org.junit.platform.launcher.core.DefaultLauncher.lambda$execute$6(DefaultLauncher.java:188) ~[junit-platform-launcher-1.3.1.jar:1.3.1]
	at org.junit.platform.launcher.core.DefaultLauncher.withInterceptedStreams(DefaultLauncher.java:202) ~[junit-platform-launcher-1.3.1.jar:1.3.1]
	at org.junit.platform.launcher.core.DefaultLauncher.execute(DefaultLauncher.java:181) ~[junit-platform-launcher-1.3.1.jar:1.3.1]
	at org.junit.platform.launcher.core.DefaultLauncher.execute(DefaultLauncher.java:128) ~[junit-platform-launcher-1.3.1.jar:1.3.1]
	at org.apache.maven.surefire.junitplatform.JUnitPlatformProvider.invokeAllTests(JUnitPlatformProvider.java:150) ~[surefire-junit-platform-2.22.2.jar:2.22.2]
	at org.apache.maven.surefire.junitplatform.JUnitPlatformProvider.invoke(JUnitPlatformProvider.java:124) ~[surefire-junit-platform-2.22.2.jar:2.22.2]
	at org.apache.maven.surefire.booter.ForkedBooter.invokeProviderInSameClassLoader(ForkedBooter.java:384) ~[surefire-booter-2.22.2.jar:2.22.2]
	at org.apache.maven.surefire.booter.ForkedBooter.runSuitesInProcess(ForkedBooter.java:345) ~[surefire-booter-2.22.2.jar:2.22.2]
	at org.apache.maven.surefire.booter.ForkedBooter.execute(ForkedBooter.java:126) ~[surefire-booter-2.22.2.jar:2.22.2]
	at org.apache.maven.surefire.booter.ForkedBooter.main(ForkedBooter.java:418) ~[surefire-booter-2.22.2.jar:2.22.2]
Caused by: org.springframework.beans.factory.BeanCreationException: Error creating bean with name 'liquibase' defined in class path resource [org/springframework/boot/autoconfigure/liquibase/LiquibaseAutoConfiguration$LiquibaseConfiguration.class]: Invocation of init method failed; nested exception is liquibase.exception.DatabaseException: java.sql.SQLException: Não é possível iniciar o Universal Connection Pool: oracle.ucp.UniversalConnectionPoolException: Erro durante a criação de pool no MBean do Gerenciador do Universal Connection Pool: oracle.ucp.UniversalConnectionPoolException: Erro durante a criação de pool no Gerenciador do Universal Connection Pool: java.sql.SQLException: Configuração inválida do Universal Connection Pool: oracle.ucp.UniversalConnectionPoolException: O Universal Connection Pool já existe no Gerenciador do Universal Connection Pool. O Universal Connection Pool não pode ser adicionado ao Gerenciador do Universal Connection Pool
	at org.springframework.beans.factory.support.AbstractAutowireCapableBeanFactory.initializeBean(AbstractAutowireCapableBeanFactory.java:1804) ~[spring-beans-5.3.29.jar:5.3.29]
	at org.springframework.beans.factory.support.AbstractAutowireCapableBeanFactory.doCreateBean(AbstractAutowireCapableBeanFactory.java:620) ~[spring-beans-5.3.29.jar:5.3.29]
	at org.springframework.beans.factory.support.AbstractAutowireCapableBeanFactory.createBean(AbstractAutowireCapableBeanFactory.java:542) ~[spring-beans-5.3.29.jar:5.3.29]
	at org.springframework.beans.factory.support.AbstractBeanFactory.lambda$doGetBean$0(AbstractBeanFactory.java:335) ~[spring-beans-5.3.29.jar:5.3.29]
	at org.springframework.beans.factory.support.DefaultSingletonBeanRegistry.getSingleton(DefaultSingletonBeanRegistry.java:234) ~[spring-beans-5.3.29.jar:5.3.29]
	at org.springframework.beans.factory.support.AbstractBeanFactory.doGetBean(AbstractBeanFactory.java:333) ~[spring-beans-5.3.29.jar:5.3.29]
	at org.springframework.beans.factory.support.AbstractBeanFactory.getBean(AbstractBeanFactory.java:208) ~[spring-beans-5.3.29.jar:5.3.29]
	at org.springframework.beans.factory.support.AbstractBeanFactory.doGetBean(AbstractBeanFactory.java:322) ~[spring-beans-5.3.29.jar:5.3.29]
	at org.springframework.beans.factory.support.AbstractBeanFactory.getBean(AbstractBeanFactory.java:208) ~[spring-beans-5.3.29.jar:5.3.29]
	at org.springframework.context.support.AbstractApplicationContext.getBean(AbstractApplicationContext.java:1157) ~[spring-context-5.3.29.jar:5.3.29]
	at org.springframework.context.support.AbstractApplicationContext.finishBeanFactoryInitialization(AbstractApplicationContext.java:911) ~[spring-context-5.3.29.jar:5.3.29]
	at org.springframework.context.support.AbstractApplicationContext.refresh(AbstractApplicationContext.java:583) ~[spring-context-5.3.29.jar:5.3.29]
	at org.springframework.boot.SpringApplication.refresh(SpringApplication.java:731) ~[spring-boot-2.7.14.jar:2.7.14]
	at org.springframework.boot.SpringApplication.refreshContext(SpringApplication.java:408) ~[spring-boot-2.7.14.jar:2.7.14]
	at org.springframework.boot.SpringApplication.run(SpringApplication.java:307) ~[spring-boot-2.7.14.jar:2.7.14]
	at org.springframework.boot.test.context.SpringBootContextLoader.loadContext(SpringBootContextLoader.java:136) ~[spring-boot-test-2.7.14.jar:2.7.14]
	at org.springframework.test.context.cache.DefaultCacheAwareContextLoaderDelegate.loadContextInternal(DefaultCacheAwareContextLoaderDelegate.java:141) ~[spring-test-5.3.29.jar:5.3.29]
	at org.springframework.test.context.cache.DefaultCacheAwareContextLoaderDelegate.loadContext(DefaultCacheAwareContextLoaderDelegate.java:90) ~[spring-test-5.3.29.jar:5.3.29]
	... 67 common frames omitted
Caused by: liquibase.exception.DatabaseException: java.sql.SQLException: Não é possível iniciar o Universal Connection Pool: oracle.ucp.UniversalConnectionPoolException: Erro durante a criação de pool no MBean do Gerenciador do Universal Connection Pool: oracle.ucp.UniversalConnectionPoolException: Erro durante a criação de pool no Gerenciador do Universal Connection Pool: java.sql.SQLException: Configuração inválida do Universal Connection Pool: oracle.ucp.UniversalConnectionPoolException: O Universal Connection Pool já existe no Gerenciador do Universal Connection Pool. O Universal Connection Pool não pode ser adicionado ao Gerenciador do Universal Connection Pool
	at liquibase.integration.spring.SpringLiquibase.afterPropertiesSet(SpringLiquibase.java:271) ~[liquibase-core-4.12.0.jar:na]
	at org.springframework.beans.factory.support.AbstractAutowireCapableBeanFactory.invokeInitMethods(AbstractAutowireCapableBeanFactory.java:1863) ~[spring-beans-5.3.29.jar:5.3.29]
	at org.springframework.beans.factory.support.AbstractAutowireCapableBeanFactory.initializeBean(AbstractAutowireCapableBeanFactory.java:1800) ~[spring-beans-5.3.29.jar:5.3.29]
	... 84 common frames omitted
Caused by: java.sql.SQLException: Não é possível iniciar o Universal Connection Pool: oracle.ucp.UniversalConnectionPoolException: Erro durante a criação de pool no MBean do Gerenciador do Universal Connection Pool: oracle.ucp.UniversalConnectionPoolException: Erro durante a criação de pool no Gerenciador do Universal Connection Pool: java.sql.SQLException: Configuração inválida do Universal Connection Pool: oracle.ucp.UniversalConnectionPoolException: O Universal Connection Pool já existe no Gerenciador do Universal Connection Pool. O Universal Connection Pool não pode ser adicionado ao Gerenciador do Universal Connection Pool
	at oracle.ucp.util.UCPErrorHandler.newSQLException(UCPErrorHandler.java:499) ~[ucp11-21.5.0.0.jar:21.5.0.0.0]
	at oracle.ucp.util.UCPErrorHandler.throwSQLException(UCPErrorHandler.java:176) ~[ucp11-21.5.0.0.jar:21.5.0.0.0]
	at oracle.ucp.jdbc.PoolDataSourceImpl.startPool(PoolDataSourceImpl.java:822) ~[ucp11-21.5.0.0.jar:21.5.0.0.0]
	at oracle.ucp.jdbc.PoolDataSourceImpl.getConnection(PoolDataSourceImpl.java:1854) ~[ucp11-21.5.0.0.jar:21.5.0.0.0]
	at oracle.ucp.jdbc.PoolDataSourceImpl$3.build(PoolDataSourceImpl.java:4046) ~[ucp11-21.5.0.0.jar:21.5.0.0.0]
	at oracle.ucp.jdbc.PoolDataSourceImpl.getConnection(PoolDataSourceImpl.java:1821) ~[ucp11-21.5.0.0.jar:21.5.0.0.0]
	at oracle.ucp.jdbc.PoolDataSourceImpl.getConnection(PoolDataSourceImpl.java:1777) ~[ucp11-21.5.0.0.jar:21.5.0.0.0]
	at oracle.ucp.jdbc.PoolDataSourceImpl.getConnection(PoolDataSourceImpl.java:1763) ~[ucp11-21.5.0.0.jar:21.5.0.0.0]
	at liquibase.integration.spring.SpringLiquibase.afterPropertiesSet(SpringLiquibase.java:266) ~[liquibase-core-4.12.0.jar:na]
	... 86 common frames omitted
Caused by: oracle.ucp.UniversalConnectionPoolException: Erro durante a criação de pool no MBean do Gerenciador do Universal Connection Pool: oracle.ucp.UniversalConnectionPoolException: Erro durante a criação de pool no Gerenciador do Universal Connection Pool: java.sql.SQLException: Configuração inválida do Universal Connection Pool: oracle.ucp.UniversalConnectionPoolException: O Universal Connection Pool já existe no Gerenciador do Universal Connection Pool. O Universal Connection Pool não pode ser adicionado ao Gerenciador do Universal Connection Pool
	at oracle.ucp.util.UCPErrorHandler.newUniversalConnectionPoolException(UCPErrorHandler.java:379) ~[ucp11-21.5.0.0.jar:21.5.0.0.0]
	at oracle.ucp.util.UCPErrorHandler.throwUniversalConnectionPoolException(UCPErrorHandler.java:69) ~[ucp11-21.5.0.0.jar:21.5.0.0.0]
	at oracle.ucp.util.UCPErrorHandler.throwUniversalConnectionPoolException(UCPErrorHandler.java:92) ~[ucp11-21.5.0.0.jar:21.5.0.0.0]
	at oracle.ucp.admin.UniversalConnectionPoolManagerMBeanImpl.createConnectionPool(UniversalConnectionPoolManagerMBeanImpl.java:314) ~[ucp11-21.5.0.0.jar:21.5.0.0.0]
	at oracle.ucp.jdbc.PoolDataSourceImpl.createPool(PoolDataSourceImpl.java:1151) ~[ucp11-21.5.0.0.jar:21.5.0.0.0]
	at oracle.ucp.jdbc.PoolDataSourceImpl.startPool(PoolDataSourceImpl.java:808) ~[ucp11-21.5.0.0.jar:21.5.0.0.0]
	... 92 common frames omitted
Caused by: oracle.ucp.UniversalConnectionPoolException: Erro durante a criação de pool no Gerenciador do Universal Connection Pool: java.sql.SQLException: Configuração inválida do Universal Connection Pool: oracle.ucp.UniversalConnectionPoolException: O Universal Connection Pool já existe no Gerenciador do Universal Connection Pool. O Universal Connection Pool não pode ser adicionado ao Gerenciador do Universal Connection Pool
	at oracle.ucp.util.UCPErrorHandler.newUniversalConnectionPoolException(UCPErrorHandler.java:379) ~[ucp11-21.5.0.0.jar:21.5.0.0.0]
	at oracle.ucp.util.UCPErrorHandler.throwUniversalConnectionPoolException(UCPErrorHandler.java:69) ~[ucp11-21.5.0.0.jar:21.5.0.0.0]
	at oracle.ucp.util.UCPErrorHandler.throwUniversalConnectionPoolException(UCPErrorHandler.java:92) ~[ucp11-21.5.0.0.jar:21.5.0.0.0]
	at oracle.ucp.admin.UniversalConnectionPoolManagerBase.createConnectionPool(UniversalConnectionPoolManagerBase.java:830) ~[ucp11-21.5.0.0.jar:21.5.0.0.0]
	at oracle.ucp.admin.UniversalConnectionPoolManagerMBeanImpl.createConnectionPool(UniversalConnectionPoolManagerMBeanImpl.java:301) ~[ucp11-21.5.0.0.jar:21.5.0.0.0]
	... 94 common frames omitted
Caused by: java.sql.SQLException: Configuração inválida do Universal Connection Pool: oracle.ucp.UniversalConnectionPoolException: O Universal Connection Pool já existe no Gerenciador do Universal Connection Pool. O Universal Connection Pool não pode ser adicionado ao Gerenciador do Universal Connection Pool
	at oracle.ucp.util.UCPErrorHandler.newSQLException(UCPErrorHandler.java:499) ~[ucp11-21.5.0.0.jar:21.5.0.0.0]
	at oracle.ucp.util.UCPErrorHandler.throwSQLException(UCPErrorHandler.java:176) ~[ucp11-21.5.0.0.jar:21.5.0.0.0]
	at oracle.ucp.jdbc.PoolDataSourceImpl.createUniversalConnectionPool(PoolDataSourceImpl.java:1085) ~[ucp11-21.5.0.0.jar:21.5.0.0.0]
	at oracle.ucp.admin.UniversalConnectionPoolManagerBase.createConnectionPool(UniversalConnectionPoolManagerBase.java:822) ~[ucp11-21.5.0.0.jar:21.5.0.0.0]
	... 95 common frames omitted
Caused by: oracle.ucp.UniversalConnectionPoolException: O Universal Connection Pool já existe no Gerenciador do Universal Connection Pool. O Universal Connection Pool não pode ser adicionado ao Gerenciador do Universal Connection Pool
	at oracle.ucp.util.UCPErrorHandler.newUniversalConnectionPoolException(UCPErrorHandler.java:379) ~[ucp11-21.5.0.0.jar:21.5.0.0.0]
	at oracle.ucp.util.UCPErrorHandler.throwUniversalConnectionPoolException(UCPErrorHandler.java:69) ~[ucp11-21.5.0.0.jar:21.5.0.0.0]
	at oracle.ucp.util.UCPErrorHandler.throwUniversalConnectionPoolException(UCPErrorHandler.java:92) ~[ucp11-21.5.0.0.jar:21.5.0.0.0]
	at oracle.ucp.util.UCPErrorHandler.throwUniversalConnectionPoolException(UCPErrorHandler.java:150) ~[ucp11-21.5.0.0.jar:21.5.0.0.0]
	at oracle.ucp.jdbc.PoolDataSourceImpl.createUniversalConnectionPool(PoolDataSourceImpl.java:985) ~[ucp11-21.5.0.0.jar:21.5.0.0.0]
	... 96 common frames omitted

]]></system-out>
  </testcase>
</testsuite>